<?xml version="1.0" encoding="utf-8" ?>
<row>
  <label col="1">   </label>
  <label col="21">       TTTTTTTTTTTT   KKKK  KKKKK     555555555555</label>
</row>