<?xml version="1.0" encoding="utf-8" ?>
<row>
  <label row="1" col="0" length="5">Logon</label>
  <label row="2" col="5" length="5">===&gt;</label>
  <input row="3" col="11" cursor="true" length="69" />
</row>